Arguments: 
  C:\Program Files\nodejs\node.exe C:\Users\xb18\AppData\Roaming\npm\node_modules\yarn\bin\yarn.js add @vuepress/plugin-medium-zoom -D

PATH: 
  C:\Program Files (x86)\NetSarang\Xshell 6\;C:\Program Files (x86)\VMware\VMware Workstation\bin\;C:\Windows\system32;C:\Windows;C:\Windows\System32\Wbem;C:\Windows\System32\WindowsPowerShell\v1.0\;C:\Windows\System32\OpenSSH\;C:\Program Files (x86)\NVIDIA Corporation\PhysX\Common;C:\Program Files\NVIDIA Corporation\NVIDIA NvDLISR;C:\Program Files\Microsoft VS Code\bin;C:\Program Files\nodejs\;C:\Program Files\Git\cmd;C:\Program Files\Git\usr\bin;C:\Users\xb18\AppData\Local\Programs\Python\Python39\Scripts\;C:\Users\xb18\AppData\Local\Programs\Python\Python39\;C:\Users\xb18\AppData\Local\Microsoft\WindowsApps;C:\Users\xb18\AppData\Local\Pandoc\;C:\Users\xb18\AppData\Roaming\npm;C:\Program Files\Bandizip\

Yarn version: 
  1.22.10

Node version: 
  14.15.4

Platform: 
  win32 x64

Trace: 
  Error: ENOENT: no such file or directory, copyfile 'C:\Users\xb18\AppData\Local\Yarn\Cache\v6\npm-is-extendable-1.0.1-a7470f9e426733d81bd81e1155264e3a3507cab4-integrity\node_modules\is-extendable\index.d.ts' -> 'E:\code\xb18.github.io\node_modules\regex-not\node_modules\is-extendable\index.d.ts'

npm manifest: 
  {
    "name": "xb18.github.io",
    "version": "1.0.0",
    "description": "You can use the [editor on GitHub](https://github.com/xb18/xb18.github.io/edit/master/README.md) to maintain and preview the content for your website in Markdown files.",
    "main": "index.js",
    "scripts": {
      "test": "echo \"Error: no test specified\" && exit 1",
      "dev": "vuepress dev blog",
      "build": "vuepress build blog",
      "d": "deploy.sh"
    },
    "repository": {
      "type": "git",
      "url": "git+https://github.com/xb18/xb18.github.io.git"
    },
    "author": "",
    "license": "ISC",
    "bugs": {
      "url": "https://github.com/xb18/xb18.github.io/issues"
    },
    "homepage": "https://github.com/xb18/xb18.github.io#readme",
    "devDependencies": {
      "@vuepress/plugin-back-to-top": "^1.8.1",
      "@vuepress/plugin-medium-zoom": "^2.0.0-alpha.24",
      "@vuepress/plugin-nprogress": "^1.8.1",
      "@vuepress/theme-blog": "^2.3.3",
      "vuepress": "^1.8.0"
    }
  }

yarn manifest: 
  No manifest

Lockfile: 
  No lockfile
